Analysis & Synthesis report for Top_level
Wed Oct 04 20:51:36 2017
Quartus Prime Version 16.1.0 Build 196 10/24/2016 SJ Lite Edition


---------------------
; Table of Contents ;
---------------------
  1. Legal Notice
  2. Analysis & Synthesis Summary
  3. Analysis & Synthesis Settings
  4. Parallel Compilation
  5. Analysis & Synthesis Source Files Read
  6. Analysis & Synthesis Resource Usage Summary
  7. Analysis & Synthesis Resource Utilization by Entity
  8. State Machine - |TOP_level|FSM:Port_Mapping_statemachine|current_state
  9. Registers Removed During Synthesis
 10. General Register Statistics
 11. Multiplexer Restructuring Statistics (Restructuring Performed)
 12. Post-Synthesis Netlist Statistics for Top Partition
 13. Elapsed Time Per Partition
 14. Analysis & Synthesis Messages



----------------
; Legal Notice ;
----------------
Copyright (C) 2016  Intel Corporation. All rights reserved.
Your use of Intel Corporation's design tools, logic functions 
and other software and tools, and its AMPP partner logic 
functions, and any output files from any of the foregoing 
(including device programming or simulation files), and any 
associated documentation or information are expressly subject 
to the terms and conditions of the Intel Program License 
Subscription Agreement, the Intel Quartus Prime License Agreement,
the Intel MegaCore Function License Agreement, or other 
applicable license agreement, including, without limitation, 
that your use is for the sole purpose of programming logic 
devices manufactured by Intel and sold by Intel or its 
authorized distributors.  Please refer to the applicable 
agreement for further details.



+-------------------------------------------------------------------------------+
; Analysis & Synthesis Summary                                                  ;
+---------------------------------+---------------------------------------------+
; Analysis & Synthesis Status     ; Successful - Wed Oct 04 20:51:36 2017       ;
; Quartus Prime Version           ; 16.1.0 Build 196 10/24/2016 SJ Lite Edition ;
; Revision Name                   ; Top_level                                   ;
; Top-level Entity Name           ; TOP_level                                   ;
; Family                          ; Cyclone V                                   ;
; Logic utilization (in ALMs)     ; N/A                                         ;
; Total registers                 ; 69                                          ;
; Total pins                      ; 27                                          ;
; Total virtual pins              ; 0                                           ;
; Total block memory bits         ; 0                                           ;
; Total DSP Blocks                ; 0                                           ;
; Total HSSI RX PCSs              ; 0                                           ;
; Total HSSI PMA RX Deserializers ; 0                                           ;
; Total HSSI TX PCSs              ; 0                                           ;
; Total HSSI PMA TX Serializers   ; 0                                           ;
; Total PLLs                      ; 0                                           ;
; Total DLLs                      ; 0                                           ;
+---------------------------------+---------------------------------------------+


+---------------------------------------------------------------------------------------------------------------------------+
; Analysis & Synthesis Settings                                                                                             ;
+---------------------------------------------------------------------------------+--------------------+--------------------+
; Option                                                                          ; Setting            ; Default Value      ;
+---------------------------------------------------------------------------------+--------------------+--------------------+
; Device                                                                          ; 5CEBA4F23C7        ;                    ;
; Top-level entity name                                                           ; Top_level          ; Top_level          ;
; Family name                                                                     ; Cyclone V          ; Cyclone V          ;
; Use smart compilation                                                           ; Off                ; Off                ;
; Enable parallel Assembler and TimeQuest Timing Analyzer during compilation      ; On                 ; On                 ;
; Enable compact report table                                                     ; Off                ; Off                ;
; Restructure Multiplexers                                                        ; Auto               ; Auto               ;
; MLAB Add Timing Constraints For Mixed-Port Feed-Through Mode Setting Don't Care ; Off                ; Off                ;
; Create Debugging Nodes for IP Cores                                             ; Off                ; Off                ;
; Preserve fewer node names                                                       ; On                 ; On                 ;
; OpenCore Plus hardware evaluation                                               ; Enable             ; Enable             ;
; Verilog Version                                                                 ; Verilog_2001       ; Verilog_2001       ;
; VHDL Version                                                                    ; VHDL_1993          ; VHDL_1993          ;
; State Machine Processing                                                        ; Auto               ; Auto               ;
; Safe State Machine                                                              ; Off                ; Off                ;
; Extract Verilog State Machines                                                  ; On                 ; On                 ;
; Extract VHDL State Machines                                                     ; On                 ; On                 ;
; Ignore Verilog initial constructs                                               ; Off                ; Off                ;
; Iteration limit for constant Verilog loops                                      ; 5000               ; 5000               ;
; Iteration limit for non-constant Verilog loops                                  ; 250                ; 250                ;
; Add Pass-Through Logic to Inferred RAMs                                         ; On                 ; On                 ;
; Infer RAMs from Raw Logic                                                       ; On                 ; On                 ;
; Parallel Synthesis                                                              ; On                 ; On                 ;
; DSP Block Balancing                                                             ; Auto               ; Auto               ;
; NOT Gate Push-Back                                                              ; On                 ; On                 ;
; Power-Up Don't Care                                                             ; On                 ; On                 ;
; Remove Redundant Logic Cells                                                    ; Off                ; Off                ;
; Remove Duplicate Registers                                                      ; On                 ; On                 ;
; Ignore CARRY Buffers                                                            ; Off                ; Off                ;
; Ignore CASCADE Buffers                                                          ; Off                ; Off                ;
; Ignore GLOBAL Buffers                                                           ; Off                ; Off                ;
; Ignore ROW GLOBAL Buffers                                                       ; Off                ; Off                ;
; Ignore LCELL Buffers                                                            ; Off                ; Off                ;
; Ignore SOFT Buffers                                                             ; On                 ; On                 ;
; Limit AHDL Integers to 32 Bits                                                  ; Off                ; Off                ;
; Optimization Technique                                                          ; Balanced           ; Balanced           ;
; Carry Chain Length                                                              ; 70                 ; 70                 ;
; Auto Carry Chains                                                               ; On                 ; On                 ;
; Auto Open-Drain Pins                                                            ; On                 ; On                 ;
; Perform WYSIWYG Primitive Resynthesis                                           ; Off                ; Off                ;
; Auto ROM Replacement                                                            ; On                 ; On                 ;
; Auto RAM Replacement                                                            ; On                 ; On                 ;
; Auto DSP Block Replacement                                                      ; On                 ; On                 ;
; Auto Shift Register Replacement                                                 ; Auto               ; Auto               ;
; Allow Shift Register Merging across Hierarchies                                 ; Auto               ; Auto               ;
; Auto Clock Enable Replacement                                                   ; On                 ; On                 ;
; Strict RAM Replacement                                                          ; Off                ; Off                ;
; Allow Synchronous Control Signals                                               ; On                 ; On                 ;
; Force Use of Synchronous Clear Signals                                          ; Off                ; Off                ;
; Auto Resource Sharing                                                           ; Off                ; Off                ;
; Allow Any RAM Size For Recognition                                              ; Off                ; Off                ;
; Allow Any ROM Size For Recognition                                              ; Off                ; Off                ;
; Allow Any Shift Register Size For Recognition                                   ; Off                ; Off                ;
; Use LogicLock Constraints during Resource Balancing                             ; On                 ; On                 ;
; Ignore translate_off and synthesis_off directives                               ; Off                ; Off                ;
; Timing-Driven Synthesis                                                         ; On                 ; On                 ;
; Report Parameter Settings                                                       ; On                 ; On                 ;
; Report Source Assignments                                                       ; On                 ; On                 ;
; Report Connectivity Checks                                                      ; On                 ; On                 ;
; Ignore Maximum Fan-Out Assignments                                              ; Off                ; Off                ;
; Synchronization Register Chain Length                                           ; 3                  ; 3                  ;
; PowerPlay Power Optimization During Synthesis                                   ; Normal compilation ; Normal compilation ;
; HDL message level                                                               ; Level2             ; Level2             ;
; Suppress Register Optimization Related Messages                                 ; Off                ; Off                ;
; Number of Removed Registers Reported in Synthesis Report                        ; 5000               ; 5000               ;
; Number of Swept Nodes Reported in Synthesis Report                              ; 5000               ; 5000               ;
; Number of Inverted Registers Reported in Synthesis Report                       ; 100                ; 100                ;
; Clock MUX Protection                                                            ; On                 ; On                 ;
; Auto Gated Clock Conversion                                                     ; Off                ; Off                ;
; Block Design Naming                                                             ; Auto               ; Auto               ;
; SDC constraint protection                                                       ; Off                ; Off                ;
; Synthesis Effort                                                                ; Auto               ; Auto               ;
; Shift Register Replacement - Allow Asynchronous Clear Signal                    ; On                 ; On                 ;
; Pre-Mapping Resynthesis Optimization                                            ; Off                ; Off                ;
; Analysis & Synthesis Message Level                                              ; Medium             ; Medium             ;
; Disable Register Merging Across Hierarchies                                     ; Auto               ; Auto               ;
; Resource Aware Inference For Block RAM                                          ; On                 ; On                 ;
; Automatic Parallel Synthesis                                                    ; On                 ; On                 ;
; Partial Reconfiguration Bitstream ID                                            ; Off                ; Off                ;
+---------------------------------------------------------------------------------+--------------------+--------------------+


+------------------------------------------+
; Parallel Compilation                     ;
+----------------------------+-------------+
; Processors                 ; Number      ;
+----------------------------+-------------+
; Number detected on machine ; 8           ;
; Maximum allowed            ; 4           ;
;                            ;             ;
; Average used               ; 1.00        ;
; Maximum used               ; 4           ;
;                            ;             ;
; Usage by Processor         ; % Time Used ;
;     Processor 1            ; 100.0%      ;
;     Processors 2-4         ;   0.1%      ;
+----------------------------+-------------+


+-----------------------------------------------------------------------------------------------------------------------------------------------------------------------------------------------+
; Analysis & Synthesis Source Files Read                                                                                                                                                        ;
+----------------------------------+-----------------+-----------------+--------------------------------------------------------------------------------------------------------------+---------+
; File Name with User-Entered Path ; Used in Netlist ; File Type       ; File Name with Absolute Path                                                                                 ; Library ;
+----------------------------------+-----------------+-----------------+--------------------------------------------------------------------------------------------------------------+---------+
; Top_level.vhd                    ; yes             ; User VHDL File  ; D:/Trash or treasure/Backups_Drive_C/Doc_BackUp/Junk/Pin Planned Transmitter/TRANSMITTER/Top_level.vhd       ;         ;
; storage.vhd                      ; yes             ; User VHDL File  ; D:/Trash or treasure/Backups_Drive_C/Doc_BackUp/Junk/Pin Planned Transmitter/TRANSMITTER/storage.vhd         ;         ;
; Shift_Reg.vhd                    ; yes             ; User VHDL File  ; D:/Trash or treasure/Backups_Drive_C/Doc_BackUp/Junk/Pin Planned Transmitter/TRANSMITTER/Shift_Reg.vhd       ;         ;
; Mux.vhd                          ; yes             ; User VHDL File  ; D:/Trash or treasure/Backups_Drive_C/Doc_BackUp/Junk/Pin Planned Transmitter/TRANSMITTER/Mux.vhd             ;         ;
; FSM.vhd                          ; yes             ; User VHDL File  ; D:/Trash or treasure/Backups_Drive_C/Doc_BackUp/Junk/Pin Planned Transmitter/TRANSMITTER/FSM.vhd             ;         ;
; Encrypt_Decrypt.vhd              ; yes             ; User VHDL File  ; D:/Trash or treasure/Backups_Drive_C/Doc_BackUp/Junk/Pin Planned Transmitter/TRANSMITTER/Encrypt_Decrypt.vhd ;         ;
; Delay.vhd                        ; yes             ; User VHDL File  ; D:/Trash or treasure/Backups_Drive_C/Doc_BackUp/Junk/Pin Planned Transmitter/TRANSMITTER/Delay.vhd           ;         ;
; BCD2SSD.vhd                      ; yes             ; User VHDL File  ; D:/Trash or treasure/Backups_Drive_C/Doc_BackUp/Junk/Pin Planned Transmitter/TRANSMITTER/BCD2SSD.vhd         ;         ;
; 8_Bit_Counter.vhd                ; yes             ; User VHDL File  ; D:/Trash or treasure/Backups_Drive_C/Doc_BackUp/Junk/Pin Planned Transmitter/TRANSMITTER/8_Bit_Counter.vhd   ;         ;
+----------------------------------+-----------------+-----------------+--------------------------------------------------------------------------------------------------------------+---------+


+---------------------------------------------------------+
; Analysis & Synthesis Resource Usage Summary             ;
+---------------------------------------------+-----------+
; Resource                                    ; Usage     ;
+---------------------------------------------+-----------+
; Estimate of Logic utilization (ALMs needed) ; 43        ;
;                                             ;           ;
; Combinational ALUT usage for logic          ; 77        ;
;     -- 7 input functions                    ; 0         ;
;     -- 6 input functions                    ; 4         ;
;     -- 5 input functions                    ; 3         ;
;     -- 4 input functions                    ; 22        ;
;     -- <=3 input functions                  ; 48        ;
;                                             ;           ;
; Dedicated logic registers                   ; 69        ;
;                                             ;           ;
; I/O pins                                    ; 27        ;
;                                             ;           ;
; Total DSP Blocks                            ; 0         ;
;                                             ;           ;
; Maximum fan-out node                        ; clk~input ;
; Maximum fan-out                             ; 69        ;
; Total fan-out                               ; 543       ;
; Average fan-out                             ; 2.71      ;
+---------------------------------------------+-----------+


+-----------------------------------------------------------------------------------------------------------------------------------------------------------------------------------------------------------------------------+
; Analysis & Synthesis Resource Utilization by Entity                                                                                                                                                                         ;
+--------------------------------------+---------------------+---------------------------+-------------------+------------+------+--------------+--------------------------------------------+-----------------+--------------+
; Compilation Hierarchy Node           ; Combinational ALUTs ; Dedicated Logic Registers ; Block Memory Bits ; DSP Blocks ; Pins ; Virtual Pins ; Full Hierarchy Name                        ; Entity Name     ; Library Name ;
+--------------------------------------+---------------------+---------------------------+-------------------+------------+------+--------------+--------------------------------------------+-----------------+--------------+
; |TOP_level                           ; 77 (0)              ; 69 (0)                    ; 0                 ; 0          ; 27   ; 0            ; |TOP_level                                 ; TOP_level       ; work         ;
;    |BCD2SSD:Display0|                ; 7 (7)               ; 0 (0)                     ; 0                 ; 0          ; 0    ; 0            ; |TOP_level|BCD2SSD:Display0                ; BCD2SSD         ; work         ;
;    |BCD2SSD:Display1|                ; 7 (7)               ; 0 (0)                     ; 0                 ; 0          ; 0    ; 0            ; |TOP_level|BCD2SSD:Display1                ; BCD2SSD         ; work         ;
;    |Delay:Port_Mapping_Delay|        ; 35 (35)             ; 29 (29)                   ; 0                 ; 0          ; 0    ; 0            ; |TOP_level|Delay:Port_Mapping_Delay        ; Delay           ; work         ;
;    |Encrypt_Decrypt:Port_Mapping_ED| ; 8 (8)               ; 8 (8)                     ; 0                 ; 0          ; 0    ; 0            ; |TOP_level|Encrypt_Decrypt:Port_Mapping_ED ; Encrypt_Decrypt ; work         ;
;    |FSM:Port_Mapping_statemachine|   ; 5 (5)               ; 4 (4)                     ; 0                 ; 0          ; 0    ; 0            ; |TOP_level|FSM:Port_Mapping_statemachine   ; FSM             ; work         ;
;    |MOD8:Port_Mapping_MOD|           ; 5 (5)               ; 4 (4)                     ; 0                 ; 0          ; 0    ; 0            ; |TOP_level|MOD8:Port_Mapping_MOD           ; MOD8            ; work         ;
;    |Mux:Port_Mapping_Mux|            ; 1 (1)               ; 0 (0)                     ; 0                 ; 0          ; 0    ; 0            ; |TOP_level|Mux:Port_Mapping_Mux            ; Mux             ; work         ;
;    |Shift_Reg:Port_Mapping_Shifter|  ; 9 (9)               ; 8 (8)                     ; 0                 ; 0          ; 0    ; 0            ; |TOP_level|Shift_Reg:Port_Mapping_Shifter  ; Shift_Reg       ; work         ;
;    |storage:Port_Mapping_FlipFlop1|  ; 0 (0)               ; 8 (8)                     ; 0                 ; 0          ; 0    ; 0            ; |TOP_level|storage:Port_Mapping_FlipFlop1  ; storage         ; work         ;
;    |storage:Port_Mapping_FlipFlop2|  ; 0 (0)               ; 8 (8)                     ; 0                 ; 0          ; 0    ; 0            ; |TOP_level|storage:Port_Mapping_FlipFlop2  ; storage         ; work         ;
+--------------------------------------+---------------------+---------------------------+-------------------+------------+------+--------------+--------------------------------------------+-----------------+--------------+
Note: For table entries with two numbers listed, the numbers in parentheses indicate the number of resources of the given type used by the specific entity alone. The numbers listed outside of parentheses indicate the total resources of the given type used by the specific entity and all of its sub-entities in the hierarchy.


Encoding Type:  One-Hot
+-----------------------------------------------------------------------------------------------------------------+
; State Machine - |TOP_level|FSM:Port_Mapping_statemachine|current_state                                          ;
+------------------------+------------------------+-------------------+----------------------+--------------------+
; Name                   ; current_state.Transmit ; current_state.ELS ; current_state.Key_IN ; current_state.Data ;
+------------------------+------------------------+-------------------+----------------------+--------------------+
; current_state.Data     ; 0                      ; 0                 ; 0                    ; 0                  ;
; current_state.Key_IN   ; 0                      ; 0                 ; 1                    ; 1                  ;
; current_state.ELS      ; 0                      ; 1                 ; 0                    ; 1                  ;
; current_state.Transmit ; 1                      ; 0                 ; 0                    ; 1                  ;
+------------------------+------------------------+-------------------+----------------------+--------------------+


+--------------------------------------------------------------------------------+
; Registers Removed During Synthesis                                             ;
+---------------------------------------+----------------------------------------+
; Register name                         ; Reason for Removal                     ;
+---------------------------------------+----------------------------------------+
; MOD8:Port_Mapping_MOD|counting[3]     ; Stuck at GND due to stuck port data_in ;
; Total Number of Removed Registers = 1 ;                                        ;
+---------------------------------------+----------------------------------------+


+------------------------------------------------------+
; General Register Statistics                          ;
+----------------------------------------------+-------+
; Statistic                                    ; Value ;
+----------------------------------------------+-------+
; Total registers                              ; 69    ;
; Number of registers using Synchronous Clear  ; 28    ;
; Number of registers using Synchronous Load   ; 0     ;
; Number of registers using Asynchronous Clear ; 45    ;
; Number of registers using Asynchronous Load  ; 0     ;
; Number of registers using Clock Enable       ; 60    ;
; Number of registers using Preset             ; 0     ;
+----------------------------------------------+-------+


+----------------------------------------------------------------------------------------------------------------------------------------------------------------------+
; Multiplexer Restructuring Statistics (Restructuring Performed)                                                                                                       ;
+--------------------+-----------+---------------+----------------------+------------------------+------------+--------------------------------------------------------+
; Multiplexer Inputs ; Bus Width ; Baseline Area ; Area if Restructured ; Saving if Restructured ; Registered ; Example Multiplexer Output                             ;
+--------------------+-----------+---------------+----------------------+------------------------+------------+--------------------------------------------------------+
; 3:1                ; 7 bits    ; 14 LEs        ; 7 LEs                ; 7 LEs                  ; Yes        ; |TOP_level|Shift_Reg:Port_Mapping_Shifter|Shift_Reg[7] ;
+--------------------+-----------+---------------+----------------------+------------------------+------------+--------------------------------------------------------+


+-----------------------------------------------------+
; Post-Synthesis Netlist Statistics for Top Partition ;
+-----------------------+-----------------------------+
; Type                  ; Count                       ;
+-----------------------+-----------------------------+
; arriav_ff             ; 69                          ;
;     CLR               ; 9                           ;
;     ENA               ; 24                          ;
;     ENA CLR           ; 8                           ;
;     ENA CLR SCLR      ; 28                          ;
; arriav_lcell_comb     ; 79                          ;
;     arith             ; 28                          ;
;         1 data inputs ; 28                          ;
;     normal            ; 51                          ;
;         1 data inputs ; 3                           ;
;         2 data inputs ; 10                          ;
;         3 data inputs ; 9                           ;
;         4 data inputs ; 22                          ;
;         5 data inputs ; 3                           ;
;         6 data inputs ; 4                           ;
; boundary_port         ; 27                          ;
;                       ;                             ;
; Max LUT depth         ; 3.70                        ;
; Average LUT depth     ; 1.99                        ;
+-----------------------+-----------------------------+


+-------------------------------+
; Elapsed Time Per Partition    ;
+----------------+--------------+
; Partition Name ; Elapsed Time ;
+----------------+--------------+
; Top            ; 00:00:01     ;
+----------------+--------------+


+-------------------------------+
; Analysis & Synthesis Messages ;
+-------------------------------+
Info: *******************************************************************
Info: Running Quartus Prime Analysis & Synthesis
    Info: Version 16.1.0 Build 196 10/24/2016 SJ Lite Edition
    Info: Processing started: Wed Oct 04 20:51:21 2017
Info: Command: quartus_map --read_settings_files=on --write_settings_files=off Top_level -c Top_level
Warning (18236): Number of processors has not been specified which may cause overloading on shared machines.  Set the global assignment NUM_PARALLEL_PROCESSORS in your QSF to an appropriate value for best performance.
Info (20030): Parallel compilation is enabled and will use 4 of the 4 processors detected
Info (12021): Found 2 design units, including 1 entities, in source file top_level.vhd
    Info (12022): Found design unit 1: TOP_level-TOPS File: D:/Trash or treasure/Backups_Drive_C/Doc_BackUp/Junk/Pin Planned Transmitter/TRANSMITTER/Top_level.vhd Line: 13
    Info (12023): Found entity 1: TOP_level File: D:/Trash or treasure/Backups_Drive_C/Doc_BackUp/Junk/Pin Planned Transmitter/TRANSMITTER/Top_level.vhd Line: 5
Info (12021): Found 2 design units, including 1 entities, in source file storage.vhd
    Info (12022): Found design unit 1: storage-arc File: D:/Trash or treasure/Backups_Drive_C/Doc_BackUp/Junk/Pin Planned Transmitter/TRANSMITTER/storage.vhd Line: 9
    Info (12023): Found entity 1: storage File: D:/Trash or treasure/Backups_Drive_C/Doc_BackUp/Junk/Pin Planned Transmitter/TRANSMITTER/storage.vhd Line: 4
Info (12021): Found 2 design units, including 1 entities, in source file shift_reg.vhd
    Info (12022): Found design unit 1: shift_reg-rtl File: D:/Trash or treasure/Backups_Drive_C/Doc_BackUp/Junk/Pin Planned Transmitter/TRANSMITTER/Shift_Reg.vhd Line: 13
    Info (12023): Found entity 1: Shift_Reg File: D:/Trash or treasure/Backups_Drive_C/Doc_BackUp/Junk/Pin Planned Transmitter/TRANSMITTER/Shift_Reg.vhd Line: 5
Warning (12090): Entity "Mux" obtained from "Mux.vhd" instead of from Quartus Prime megafunction library File: D:/Trash or treasure/Backups_Drive_C/Doc_BackUp/Junk/Pin Planned Transmitter/TRANSMITTER/Mux.vhd Line: 5
Info (12021): Found 2 design units, including 1 entities, in source file mux.vhd
    Info (12022): Found design unit 1: Mux-Arc File: D:/Trash or treasure/Backups_Drive_C/Doc_BackUp/Junk/Pin Planned Transmitter/TRANSMITTER/Mux.vhd Line: 12
    Info (12023): Found entity 1: Mux File: D:/Trash or treasure/Backups_Drive_C/Doc_BackUp/Junk/Pin Planned Transmitter/TRANSMITTER/Mux.vhd Line: 5
Info (12021): Found 2 design units, including 1 entities, in source file fsm.vhd
    Info (12022): Found design unit 1: FSM-Behavioral File: D:/Trash or treasure/Backups_Drive_C/Doc_BackUp/Junk/Pin Planned Transmitter/TRANSMITTER/FSM.vhd Line: 14
    Info (12023): Found entity 1: FSM File: D:/Trash or treasure/Backups_Drive_C/Doc_BackUp/Junk/Pin Planned Transmitter/TRANSMITTER/FSM.vhd Line: 6
Info (12021): Found 2 design units, including 1 entities, in source file encrypt_decrypt.vhd
    Info (12022): Found design unit 1: Encrypt_Decrypt-arc File: D:/Trash or treasure/Backups_Drive_C/Doc_BackUp/Junk/Pin Planned Transmitter/TRANSMITTER/Encrypt_Decrypt.vhd Line: 9
    Info (12023): Found entity 1: Encrypt_Decrypt File: D:/Trash or treasure/Backups_Drive_C/Doc_BackUp/Junk/Pin Planned Transmitter/TRANSMITTER/Encrypt_Decrypt.vhd Line: 4
Info (12021): Found 2 design units, including 1 entities, in source file delay.vhd
    Info (12022): Found design unit 1: Delay-Clock File: D:/Trash or treasure/Backups_Drive_C/Doc_BackUp/Junk/Pin Planned Transmitter/TRANSMITTER/Delay.vhd Line: 16
    Info (12023): Found entity 1: Delay File: D:/Trash or treasure/Backups_Drive_C/Doc_BackUp/Junk/Pin Planned Transmitter/TRANSMITTER/Delay.vhd Line: 9
Info (12021): Found 2 design units, including 1 entities, in source file bcd2ssd.vhd
    Info (12022): Found design unit 1: BCD2SSD-arc File: D:/Trash or treasure/Backups_Drive_C/Doc_BackUp/Junk/Pin Planned Transmitter/TRANSMITTER/BCD2SSD.vhd Line: 9
    Info (12023): Found entity 1: BCD2SSD File: D:/Trash or treasure/Backups_Drive_C/Doc_BackUp/Junk/Pin Planned Transmitter/TRANSMITTER/BCD2SSD.vhd Line: 5
Info (12021): Found 2 design units, including 1 entities, in source file 8_bit_counter.vhd
    Info (12022): Found design unit 1: MOD8-Counter File: D:/Trash or treasure/Backups_Drive_C/Doc_BackUp/Junk/Pin Planned Transmitter/TRANSMITTER/8_Bit_Counter.vhd Line: 18
    Info (12023): Found entity 1: MOD8 File: D:/Trash or treasure/Backups_Drive_C/Doc_BackUp/Junk/Pin Planned Transmitter/TRANSMITTER/8_Bit_Counter.vhd Line: 9
Info (12127): Elaborating entity "Top_level" for the top level hierarchy
Info (12128): Elaborating entity "BCD2SSD" for hierarchy "BCD2SSD:Display0" File: D:/Trash or treasure/Backups_Drive_C/Doc_BackUp/Junk/Pin Planned Transmitter/TRANSMITTER/Top_level.vhd Line: 75
Info (12128): Elaborating entity "Mux" for hierarchy "Mux:Port_Mapping_Mux" File: D:/Trash or treasure/Backups_Drive_C/Doc_BackUp/Junk/Pin Planned Transmitter/TRANSMITTER/Top_level.vhd Line: 89
Info (12128): Elaborating entity "Encrypt_Decrypt" for hierarchy "Encrypt_Decrypt:Port_Mapping_ED" File: D:/Trash or treasure/Backups_Drive_C/Doc_BackUp/Junk/Pin Planned Transmitter/TRANSMITTER/Top_level.vhd Line: 100
Info (12128): Elaborating entity "Shift_Reg" for hierarchy "Shift_Reg:Port_Mapping_Shifter" File: D:/Trash or treasure/Backups_Drive_C/Doc_BackUp/Junk/Pin Planned Transmitter/TRANSMITTER/Top_level.vhd Line: 113
Info (12128): Elaborating entity "Delay" for hierarchy "Delay:Port_Mapping_Delay" File: D:/Trash or treasure/Backups_Drive_C/Doc_BackUp/Junk/Pin Planned Transmitter/TRANSMITTER/Top_level.vhd Line: 128
Info (12128): Elaborating entity "FSM" for hierarchy "FSM:Port_Mapping_statemachine" File: D:/Trash or treasure/Backups_Drive_C/Doc_BackUp/Junk/Pin Planned Transmitter/TRANSMITTER/Top_level.vhd Line: 140
Info (12128): Elaborating entity "MOD8" for hierarchy "MOD8:Port_Mapping_MOD" File: D:/Trash or treasure/Backups_Drive_C/Doc_BackUp/Junk/Pin Planned Transmitter/TRANSMITTER/Top_level.vhd Line: 159
Info (12128): Elaborating entity "storage" for hierarchy "storage:Port_Mapping_FlipFlop1" File: D:/Trash or treasure/Backups_Drive_C/Doc_BackUp/Junk/Pin Planned Transmitter/TRANSMITTER/Top_level.vhd Line: 172
Info (286030): Timing-Driven Synthesis is running
Info (16010): Generating hard_block partition "hard_block:auto_generated_inst"
    Info (16011): Adding 0 node(s), including 0 DDIO, 0 PLL, 0 transceiver and 0 LCELL
Info (21057): Implemented 120 device resources after synthesis - the final resource count might be different
    Info (21058): Implemented 12 input pins
    Info (21059): Implemented 15 output pins
    Info (21061): Implemented 93 logic cells
Info: Quartus Prime Analysis & Synthesis was successful. 0 errors, 2 warnings
    Info: Peak virtual memory: 734 megabytes
    Info: Processing ended: Wed Oct 04 20:51:36 2017
    Info: Elapsed time: 00:00:15
    Info: Total CPU time (on all processors): 00:00:18


